[20:10:21] [ServerMain/INFO]: Building unoptimized datafixer
[20:10:22] [ServerMain/INFO]: Environment: authHost='https://authserver.mojang.com', accountsHost='https://api.mojang.com', sessionHost='https://sessionserver.mojang.com', servicesHost='https://api.minecraftservices.com', name='PROD'
[20:10:23] [ServerMain/INFO]: Loaded 7 recipes
[20:10:23] [ServerMain/INFO]: Loaded 1179 advancements
[20:10:24] [Server thread/INFO]: Starting minecraft server version 1.19.3
[20:10:24] [Server thread/INFO]: Loading properties
[20:10:24] [Server thread/INFO]: Default game type: SURVIVAL
[20:10:24] [Server thread/INFO]: Generating keypair
[20:10:24] [Server thread/INFO]: Starting Minecraft server on localhost:25565
[20:10:24] [Server thread/INFO]: Using default channel type
[20:10:24] [Server thread/WARN]: **** SERVER IS RUNNING IN OFFLINE/INSECURE MODE!
[20:10:24] [Server thread/WARN]: The server will make no attempt to authenticate usernames. Beware.
[20:10:24] [Server thread/WARN]: While this makes the game possible to play without internet access, it also opens up the ability for hackers to connect with any username they choose.
[20:10:24] [Server thread/WARN]: To change this, set "online-mode" to "true" in the server.properties file.
[20:10:24] [Server thread/INFO]: Preparing level "world"
[20:10:25] [Server thread/INFO]: Preparing start region for dimension minecraft:overworld
[20:10:30] [Worker-Main-5/INFO]: Preparing spawn area: 0%
[20:10:30] [Worker-Main-7/INFO]: Preparing spawn area: 0%
[20:10:30] [Worker-Main-5/INFO]: Preparing spawn area: 0%
[20:10:30] [Worker-Main-7/INFO]: Preparing spawn area: 0%
[20:10:30] [Worker-Main-5/INFO]: Preparing spawn area: 0%
[20:10:30] [Worker-Main-5/INFO]: Preparing spawn area: 0%
[20:10:30] [Worker-Main-5/INFO]: Preparing spawn area: 0%
[20:10:30] [Worker-Main-7/INFO]: Preparing spawn area: 0%
[20:10:30] [Worker-Main-7/INFO]: Preparing spawn area: 0%
[20:10:30] [Worker-Main-5/INFO]: Preparing spawn area: 0%
[20:10:30] [Worker-Main-4/INFO]: Preparing spawn area: 0%
[20:10:31] [Worker-Main-1/INFO]: Preparing spawn area: 52%
[20:10:31] [Server thread/INFO]: Time elapsed: 5766 ms
[20:10:31] [Server thread/INFO]: Done (6.825s)! For help, type "help"
[20:11:21] [Server thread/INFO]: Altarf[/127.0.0.1:57895] logged in with entity id 1 at (-185.5, 64.0, -40.5)
[20:11:21] [Server thread/INFO]: Altarf joined the game
[20:11:30] [Server thread/INFO]: Altarf lost connection: Disconnected
[20:11:30] [Server thread/INFO]: Altarf left the game
[20:13:51] [Server thread/INFO]: Stopping server
[20:13:51] [Server thread/INFO]: Saving players
[20:13:51] [Server thread/INFO]: Saving worlds
[20:13:53] [Server thread/INFO]: Saving chunks for level 'ServerLevel[world]'/minecraft:overworld
[20:13:54] [Server thread/INFO]: Saving chunks for level 'ServerLevel[world]'/minecraft:the_nether
[20:13:54] [Server thread/INFO]: Saving chunks for level 'ServerLevel[world]'/minecraft:the_end
[20:13:54] [Server thread/INFO]: ThreadedAnvilChunkStorage (world): All chunks are saved
[20:13:54] [Server thread/INFO]: ThreadedAnvilChunkStorage (DIM-1): All chunks are saved
[20:13:54] [Server thread/INFO]: ThreadedAnvilChunkStorage (DIM1): All chunks are saved
[20:13:54] [Server thread/INFO]: ThreadedAnvilChunkStorage: All dimensions are saved
